🌸 Starting Automated Git Sync for b122m faeb Gentle Revolution
🔄 Committing and pushing to both branches every 5 minutes
📅 Started at: Sat Sep 13 19:20:18 PDT 2025
💙 Repository: aws-eks-alpine-nix
🌿 Branches: main, druid-hills
==========================================
🔄 Sync cycle started at: 2025-09-13--1920--pacific-standard-usa
📝 No changes detected, updating progress only
[main 4520ccc] Cursor: Automated sync - 2025-09-13--1920--pacific-standard-usa
 1 file changed, 2 insertions(+), 1 deletion(-)
📤 Pushing to main branch...
To github.com:kae3g/aws-eks-alpine-nix.git
   cc95aac..4520ccc  main -> main
🌿 Switching to druid-hills branch...
Switched to branch 'druid-hills'
Updating cc95aac..4520ccc
Fast-forward
 docs/PROGRESS.md | 3 ++-
 1 file changed, 2 insertions(+), 1 deletion(-)
📤 Pushing to druid-hills branch...
To github.com:kae3g/aws-eks-alpine-nix.git
   cc95aac..4520ccc  druid-hills -> druid-hills
Switched to branch 'main'
✅ Sync cycle completed at: Sat Sep 13 19:20:21 PDT 2025
⏰ Next sync in 5 minutes...
----------------------------------------
🔄 Sync cycle started at: 2025-09-13--1925--pacific-standard-usa
📝 No changes detected, updating progress only
[main 2c56b81] Cursor: Automated sync - 2025-09-13--1925--pacific-standard-usa
 1 file changed, 2 insertions(+)
📤 Pushing to main branch...
To github.com:kae3g/aws-eks-alpine-nix.git
   4520ccc..2c56b81  main -> main
🌿 Switching to druid-hills branch...
Switched to branch 'druid-hills'
Updating 4520ccc..2c56b81
Fast-forward
 docs/PROGRESS.md | 2 ++
 1 file changed, 2 insertions(+)
📤 Pushing to druid-hills branch...
To github.com:kae3g/aws-eks-alpine-nix.git
   4520ccc..2c56b81  druid-hills -> druid-hills
Switched to branch 'main'
✅ Sync cycle completed at: Sat Sep 13 19:25:24 PDT 2025
⏰ Next sync in 5 minutes...
----------------------------------------
🔄 Sync cycle started at: 2025-09-13--1930--pacific-standard-usa
📝 No changes detected, updating progress only
[main a19fce4] Cursor: Automated sync - 2025-09-13--1930--pacific-standard-usa
 1 file changed, 2 insertions(+)
📤 Pushing to main branch...
To github.com:kae3g/aws-eks-alpine-nix.git
   2c56b81..a19fce4  main -> main
🌿 Switching to druid-hills branch...
Switched to branch 'druid-hills'
Updating 2c56b81..a19fce4
Fast-forward
 docs/PROGRESS.md | 2 ++
 1 file changed, 2 insertions(+)
📤 Pushing to druid-hills branch...
To github.com:kae3g/aws-eks-alpine-nix.git
   2c56b81..a19fce4  druid-hills -> druid-hills
Switched to branch 'main'
✅ Sync cycle completed at: Sat Sep 13 19:30:28 PDT 2025
⏰ Next sync in 5 minutes...
----------------------------------------
🔄 Sync cycle started at: 2025-09-13--1935--pacific-standard-usa
📝 No changes detected, updating progress only
[main a8b66a7] Cursor: Automated sync - 2025-09-13--1935--pacific-standard-usa
 1 file changed, 2 insertions(+)
📤 Pushing to main branch...
To github.com:kae3g/aws-eks-alpine-nix.git
   a19fce4..a8b66a7  main -> main
🌿 Switching to druid-hills branch...
Switched to branch 'druid-hills'
Updating a19fce4..a8b66a7
Fast-forward
 docs/PROGRESS.md | 2 ++
 1 file changed, 2 insertions(+)
📤 Pushing to druid-hills branch...
To github.com:kae3g/aws-eks-alpine-nix.git
   a19fce4..a8b66a7  druid-hills -> druid-hills
Switched to branch 'main'
✅ Sync cycle completed at: Sat Sep 13 19:35:32 PDT 2025
⏰ Next sync in 5 minutes...
----------------------------------------
🔄 Sync cycle started at: 2025-09-13--1940--pacific-standard-usa
📝 No changes detected, updating progress only
[main 99048b9] Cursor: Automated sync - 2025-09-13--1940--pacific-standard-usa
 1 file changed, 2 insertions(+)
📤 Pushing to main branch...
To github.com:kae3g/aws-eks-alpine-nix.git
   a8b66a7..99048b9  main -> main
🌿 Switching to druid-hills branch...
Switched to branch 'druid-hills'
Updating a8b66a7..99048b9
Fast-forward
 docs/PROGRESS.md | 2 ++
 1 file changed, 2 insertions(+)
📤 Pushing to druid-hills branch...
To github.com:kae3g/aws-eks-alpine-nix.git
   a8b66a7..99048b9  druid-hills -> druid-hills
Switched to branch 'main'
✅ Sync cycle completed at: Sat Sep 13 19:40:36 PDT 2025
⏰ Next sync in 5 minutes...
----------------------------------------
🔄 Sync cycle started at: 2025-09-13--1945--pacific-standard-usa
📝 No changes detected, updating progress only
[main f534593] Cursor: Automated sync - 2025-09-13--1945--pacific-standard-usa
 1 file changed, 2 insertions(+)
📤 Pushing to main branch...
To github.com:kae3g/aws-eks-alpine-nix.git
   99048b9..f534593  main -> main
🌿 Switching to druid-hills branch...
Switched to branch 'druid-hills'
Updating 99048b9..f534593
Fast-forward
 docs/PROGRESS.md | 2 ++
 1 file changed, 2 insertions(+)
📤 Pushing to druid-hills branch...
To github.com:kae3g/aws-eks-alpine-nix.git
   99048b9..f534593  druid-hills -> druid-hills
Switched to branch 'main'
✅ Sync cycle completed at: Sat Sep 13 19:45:39 PDT 2025
⏰ Next sync in 5 minutes...
----------------------------------------
